Script started on 2026-07-06 15:10:26+00:00 [TERM="xterm-256color" TTY="/dev/pts/0" COLUMNS="184" LINES="36"]
[?2004h]0;ubuntu@ip-10-0-1-198: ~[01;32mubuntu@ip-10-0-1-198[00m:[01;34m~[00m$ [7mwhile true; do[27m
[7m  curl -s -o /dev/null -w "%{http_code}\n" https://5fty3.name.ng[27m
[7m  sleep 1[27m
[7mdone[27m[A[A[A]0;ubuntu@ip-10-0-1-198: ~[01;32mubuntu@ip-10-0-1-198[00m:[01;34m~[00m$ while true; do
  curl -s -o /dev/null -w "%{http_code}\n" https://5fty3.name.ng
  sleep 1
done
[?2004l200
200
200
200
200
200
200
200
200
200
200
200
200
200
200
200
200
200
200
200
200
200
200
200
200
200
200
200
200
200
200
200
200
200
200
200
200
200
200
200
200
200
200
200
200
200
200
200
200
200
200
200
200
200
200
200
200
200
200
200
200
200
200
200
200
200
200
200
200
200
200
200
200
200
200
200
200
200
200
200
200
200
200
200
200
200
200
200
200
200
200
200
200
200
200
200
200
200
200
200
200
200
200
200
200
200
200
200
200
200
200
200
200
200
200
200
200
200
200
200
200
200
200
200
200
200
200
200
200
200
200
200
200
200
200
200
200
200
200
200
200
200
200
200
200
200
200
200
200
200
200
200
200
200
200
200
200
200
200
200
200
200
200
200
200
200
200
200
200
200
200
200
200
200
200
200
200
200
200
200
200
200
200
200
200
200
200
200
200
200
200
200
200
200
200
200
200
200
200
200
200
200
200
200
200
200
200
200
200
200
200
200
200
200
200
200
200
200
200
200
200
200
200
^Z
[1]+  Stopped                 sleep 1
[?2004h]0;ubuntu@ip-10-0-1-198: ~[01;32mubuntu@ip-10-0-1-198[00m:[01;34m~[00m$ kill %1
[?2004l[1]+  Terminated              sleep 1
[?2004h]0;ubuntu@ip-10-0-1-198: ~[01;32mubuntu@ip-10-0-1-198[00m:[01;34m~[00m$ exit
[?2004lexit

Script done on 2026-07-06 15:14:45+00:00 [COMMAND_EXIT_CODE="0"]
